2022-10-03 12:02:18,105 INFO org.hibernate.validator.internal.util.Version [background-preinit] HV000001: Hibernate Validator 6.2.4.Final
2022-10-03 12:02:18,125 INFO org.springframework.boot.StartupInfoLogger [main] Starting WakatApplication using Java 1.8.0_341 on DESKTOP-I776KEN with PID 11700 (E:\SM\sources\wakat\target\classes started by user in E:\SM\sources\wakat)
2022-10-03 12:02:18,127 DEBUG org.springframework.boot.StartupInfoLogger [main] Running with Spring Boot v2.7.3, Spring v5.3.22
2022-10-03 12:02:18,128 INFO org.springframework.boot.SpringApplication [main] No active profile set, falling back to 1 default profile: "default"
2022-10-03 12:02:20,029 INFO org.springframework.data.repository.config.RepositoryConfigurationDelegate [main] Bootstrapping Spring Data JPA repositories in DEFAULT mode.
2022-10-03 12:02:20,128 INFO org.springframework.data.repository.config.RepositoryConfigurationDelegate [main] Finished Spring Data repository scanning in 81 ms. Found 4 JPA repository interfaces.
2022-10-03 12:02:21,797 INFO org.springframework.boot.web.embedded.tomcat.TomcatWebServer [main] Tomcat initialized with port(s): 8080 (http)
2022-10-03 12:02:21,811 INFO org.apache.juli.logging.DirectJDKLog [main] Initializing ProtocolHandler ["http-nio-8080"]
2022-10-03 12:02:21,811 INFO org.apache.juli.logging.DirectJDKLog [main] Starting service [Tomcat]
2022-10-03 12:02:21,811 INFO org.apache.juli.logging.DirectJDKLog [main] Starting Servlet engine: [Apache Tomcat/9.0.65]
2022-10-03 12:02:23,162 INFO org.apache.juli.logging.DirectJDKLog [main] Initializing Spring embedded WebApplicationContext
2022-10-03 12:02:23,163 INFO org.springframework.boot.web.servlet.context.ServletWebServerApplicationContext [main] Root WebApplicationContext: initialization completed in 4946 ms
2022-10-03 12:02:23,398 INFO org.hibernate.jpa.internal.util.LogHelper [main] HHH000204: Processing PersistenceUnitInfo [name: default]
2022-10-03 12:02:23,499 INFO org.hibernate.Version [main] HHH000412: Hibernate ORM core version 5.6.10.Final
2022-10-03 12:02:23,838 INFO org.hibernate.annotations.common.reflection.java.JavaReflectionManager [main] HCANN000001: Hibernate Commons Annotations {5.1.2.Final}
2022-10-03 12:02:24,012 INFO com.zaxxer.hikari.HikariDataSource [main] HikariPool-1 - Starting...
2022-10-03 12:47:21,718 INFO org.springframework.test.context.support.AbstractTestContextBootstrapper [main] Neither @ContextConfiguration nor @ContextHierarchy found for test class [wakat.controller.ModuleControllerTest], using SpringBootContextLoader
2022-10-03 12:47:21,726 INFO org.springframework.test.context.support.AbstractContextLoader [main] Could not detect default resource locations for test class [wakat.controller.ModuleControllerTest]: no resource found for suffixes {-context.xml, Context.groovy}.
2022-10-03 12:47:21,727 INFO org.springframework.test.context.support.AnnotationConfigContextLoaderUtils [main] Could not detect default configuration classes for test class [wakat.controller.ModuleControllerTest]: ModuleControllerTest does not declare any static, non-private, non-final, nested classes annotated with @Configuration.
2022-10-03 12:47:21,931 INFO org.springframework.boot.test.context.SpringBootTestContextBootstrapper [main] Found @SpringBootConfiguration wakat.WakatApplication for test class wakat.controller.ModuleControllerTest
2022-10-03 12:47:21,934 INFO org.springframework.test.context.support.AbstractTestContextBootstrapper [main] Loaded default TestExecutionListener class names from location [META-INF/spring.factories]: [org.springframework.boot.test.mock.mockito.MockitoTestExecutionListener, org.springframework.boot.test.mock.mockito.ResetMocksTestExecutionListener, org.springframework.boot.test.autoconfigure.restdocs.RestDocsTestExecutionListener, org.springframework.boot.test.autoconfigure.web.client.MockRestServiceServerResetTestExecutionListener, org.springframework.boot.test.autoconfigure.web.servlet.MockMvcPrintOnlyOnFailureTestExecutionListener, org.springframework.boot.test.autoconfigure.web.servlet.WebDriverTestExecutionListener, org.springframework.boot.test.autoconfigure.webservices.client.MockWebServiceServerTestExecutionListener, org.springframework.test.context.web.ServletTestExecutionListener, org.springframework.test.context.support.DirtiesContextBeforeModesTestExecutionListener, org.springframework.test.context.event.ApplicationEventsTestExecutionListener, org.springframework.test.context.support.DependencyInjectionTestExecutionListener, org.springframework.test.context.support.DirtiesContextTestExecutionListener, org.springframework.test.context.transaction.TransactionalTestExecutionListener, org.springframework.test.context.jdbc.SqlScriptsTestExecutionListener, org.springframework.test.context.event.EventPublishingTestExecutionListener]
2022-10-03 12:47:21,956 INFO org.springframework.test.context.support.AbstractTestContextBootstrapper [main] Using TestExecutionListeners: [org.springframework.test.context.web.ServletTestExecutionListener@5038d0b5, org.springframework.test.context.support.DirtiesContextBeforeModesTestExecutionListener@32115b28, org.springframework.test.context.event.ApplicationEventsTestExecutionListener@2ad48653, org.springframework.boot.test.mock.mockito.MockitoTestExecutionListener@6bb4dd34, org.springframework.boot.test.autoconfigure.SpringBootDependencyInjectionTestExecutionListener@7d9f158f, org.springframework.test.context.support.DirtiesContextTestExecutionListener@45efd90f, org.springframework.test.context.transaction.TransactionalTestExecutionListener@4b8729ff, org.springframework.test.context.jdbc.SqlScriptsTestExecutionListener@61710c6, org.springframework.test.context.event.EventPublishingTestExecutionListener@3214ee6, org.springframework.boot.test.mock.mockito.ResetMocksTestExecutionListener@383dc82c, org.springframework.boot.test.autoconfigure.restdocs.RestDocsTestExecutionListener@4a07d605, org.springframework.boot.test.autoconfigure.web.client.MockRestServiceServerResetTestExecutionListener@74287ea3, org.springframework.boot.test.autoconfigure.web.servlet.MockMvcPrintOnlyOnFailureTestExecutionListener@7d7758be, org.springframework.boot.test.autoconfigure.web.servlet.WebDriverTestExecutionListener@2bdd8394, org.springframework.boot.test.autoconfigure.webservices.client.MockWebServiceServerTestExecutionListener@5f9edf14]
2022-10-03 12:47:22,420 INFO org.hibernate.validator.internal.util.Version [background-preinit] HV000001: Hibernate Validator 6.2.4.Final
2022-10-03 12:47:22,423 INFO org.springframework.boot.StartupInfoLogger [main] Starting ModuleControllerTest using Java 1.8.0_341 on DESKTOP-I776KEN with PID 13396 (started by user in E:\SM\sources\wakat)
2022-10-03 12:47:22,424 DEBUG org.springframework.boot.StartupInfoLogger [main] Running with Spring Boot v2.7.3, Spring v5.3.22
2022-10-03 12:47:22,424 INFO org.springframework.boot.SpringApplication [main] No active profile set, falling back to 1 default profile: "default"
2022-10-03 12:47:25,376 INFO org.springframework.mock.web.MockServletContext [main] Initializing Spring TestDispatcherServlet ''
2022-10-03 12:47:25,376 INFO org.springframework.web.servlet.FrameworkServlet [main] Initializing Servlet ''
2022-10-03 12:47:25,378 INFO org.springframework.web.servlet.FrameworkServlet [main] Completed initialization in 2 ms
2022-10-03 12:47:25,826 INFO org.springframework.boot.StartupInfoLogger [main] Started ModuleControllerTest in 3.814 seconds (JVM running for 9.187)
2022-10-03 12:47:26,172 INFO wakat.controller.ModuleControllerTest [main] module modifiée : dont le libellé est test et la description tesgdt
2022-10-03 13:29:34,714 INFO org.springframework.test.context.support.AbstractTestContextBootstrapper [main] Neither @ContextConfiguration nor @ContextHierarchy found for test class [wakat.controller.ModuleControllerTest], using SpringBootContextLoader
2022-10-03 13:29:34,721 INFO org.springframework.test.context.support.AbstractContextLoader [main] Could not detect default resource locations for test class [wakat.controller.ModuleControllerTest]: no resource found for suffixes {-context.xml, Context.groovy}.
2022-10-03 13:29:34,724 INFO org.springframework.test.context.support.AnnotationConfigContextLoaderUtils [main] Could not detect default configuration classes for test class [wakat.controller.ModuleControllerTest]: ModuleControllerTest does not declare any static, non-private, non-final, nested classes annotated with @Configuration.
2022-10-03 13:29:34,933 INFO org.springframework.boot.test.context.SpringBootTestContextBootstrapper [main] Found @SpringBootConfiguration wakat.WakatApplication for test class wakat.controller.ModuleControllerTest
2022-10-03 13:29:34,938 INFO org.springframework.test.context.support.AbstractTestContextBootstrapper [main] Loaded default TestExecutionListener class names from location [META-INF/spring.factories]: [org.springframework.boot.test.mock.mockito.MockitoTestExecutionListener, org.springframework.boot.test.mock.mockito.ResetMocksTestExecutionListener, org.springframework.boot.test.autoconfigure.restdocs.RestDocsTestExecutionListener, org.springframework.boot.test.autoconfigure.web.client.MockRestServiceServerResetTestExecutionListener, org.springframework.boot.test.autoconfigure.web.servlet.MockMvcPrintOnlyOnFailureTestExecutionListener, org.springframework.boot.test.autoconfigure.web.servlet.WebDriverTestExecutionListener, org.springframework.boot.test.autoconfigure.webservices.client.MockWebServiceServerTestExecutionListener, org.springframework.test.context.web.ServletTestExecutionListener, org.springframework.test.context.support.DirtiesContextBeforeModesTestExecutionListener, org.springframework.test.context.event.ApplicationEventsTestExecutionListener, org.springframework.test.context.support.DependencyInjectionTestExecutionListener, org.springframework.test.context.support.DirtiesContextTestExecutionListener, org.springframework.test.context.transaction.TransactionalTestExecutionListener, org.springframework.test.context.jdbc.SqlScriptsTestExecutionListener, org.springframework.test.context.event.EventPublishingTestExecutionListener]
2022-10-03 13:29:34,960 INFO org.springframework.test.context.support.AbstractTestContextBootstrapper [main] Using TestExecutionListeners: [org.springframework.test.context.web.ServletTestExecutionListener@7d9f158f, org.springframework.test.context.support.DirtiesContextBeforeModesTestExecutionListener@45efd90f, org.springframework.test.context.event.ApplicationEventsTestExecutionListener@4b8729ff, org.springframework.boot.test.mock.mockito.MockitoTestExecutionListener@61710c6, org.springframework.boot.test.autoconfigure.SpringBootDependencyInjectionTestExecutionListener@3214ee6, org.springframework.test.context.support.DirtiesContextTestExecutionListener@383dc82c, org.springframework.test.context.transaction.TransactionalTestExecutionListener@4a07d605, org.springframework.test.context.jdbc.SqlScriptsTestExecutionListener@74287ea3, org.springframework.test.context.event.EventPublishingTestExecutionListener@7d7758be, org.springframework.boot.test.mock.mockito.ResetMocksTestExecutionListener@2bdd8394, org.springframework.boot.test.autoconfigure.restdocs.RestDocsTestExecutionListener@5f9edf14, org.springframework.boot.test.autoconfigure.web.client.MockRestServiceServerResetTestExecutionListener@68746f22, org.springframework.boot.test.autoconfigure.web.servlet.MockMvcPrintOnlyOnFailureTestExecutionListener@2f01783a, org.springframework.boot.test.autoconfigure.web.servlet.WebDriverTestExecutionListener@68878f6d, org.springframework.boot.test.autoconfigure.webservices.client.MockWebServiceServerTestExecutionListener@41488b16]
2022-10-03 13:29:35,370 INFO org.springframework.boot.StartupInfoLogger [main] Starting ModuleControllerTest using Java 1.8.0_341 on DESKTOP-I776KEN with PID 10688 (started by user in E:\SM\sources\wakat)
2022-10-03 13:29:35,370 INFO org.hibernate.validator.internal.util.Version [background-preinit] HV000001: Hibernate Validator 6.2.4.Final
2022-10-03 13:29:35,370 DEBUG org.springframework.boot.StartupInfoLogger [main] Running with Spring Boot v2.7.3, Spring v5.3.22
2022-10-03 13:29:35,371 INFO org.springframework.boot.SpringApplication [main] No active profile set, falling back to 1 default profile: "default"
2022-10-03 13:29:37,766 INFO org.springframework.mock.web.MockServletContext [main] Initializing Spring TestDispatcherServlet ''
2022-10-03 13:29:37,766 INFO org.springframework.web.servlet.FrameworkServlet [main] Initializing Servlet ''
2022-10-03 13:29:37,768 INFO org.springframework.web.servlet.FrameworkServlet [main] Completed initialization in 1 ms
2022-10-03 13:29:38,216 INFO org.springframework.boot.StartupInfoLogger [main] Started ModuleControllerTest in 3.206 seconds (JVM running for 4.648)
2022-10-03 13:29:38,537 INFO wakat.controller.ModuleControllerTest [main] module modifiée : dont le libellé est test et la description tesgdt
2022-10-03 13:31:25,558 INFO wakat.service.ModuleServiceTest [main] module modifiée : dont le libellé est test et la description tesgdt
2022-10-03 13:31:25,576 INFO wakat.service.ModuleService [main] recupper module dont  l'identifiant  est 469f7dc1-d642-4331-a4c2-1fbc35019f56
2022-10-03 13:37:41,595 INFO wakat.service.ModuleServiceTest [main] module modifiée : dont le libellé est test et la description tesgdt
2022-10-03 13:37:41,604 INFO wakat.service.ModuleService [main] recupper module dont  l'identifiant  est ac26392d-7f7b-42c8-9208-601ea6fbc273
2022-10-03 13:40:08,881 INFO wakat.service.ModuleServiceTest [main] module modifiée : dont le libellé est test et la description tesgdt
2022-10-03 13:40:08,888 INFO wakat.service.ModuleService [main] recupper module dont  l'identifiant  est 0d05996f-e5c2-448e-8041-ce7c2e678002
2022-10-03 13:41:33,791 INFO wakat.service.ModuleServiceTest [main] module modifiée : dont le libellé est test et la description tesgdt
2022-10-03 13:41:33,799 INFO wakat.service.ModuleService [main] recupper module dont  l'identifiant  est 289648c8-9209-4c1e-9dbd-9434cf73ade5
2022-10-03 13:42:57,061 INFO wakat.service.ModuleServiceTest [main] module modifiée : dont le libellé est test et la description tesgdt
2022-10-03 13:42:57,077 INFO wakat.service.ModuleService [main] recupper module dont  l'identifiant  est 104b632e-4d31-4c96-86d2-97de8c24fb51
2022-10-03 13:44:33,888 INFO wakat.service.ModuleServiceTest [main] module modifiée : dont le libellé est test et la description tesgdt
2022-10-03 13:44:33,900 INFO wakat.service.ModuleService [main] recupper module dont  l'identifiant  est 669c2c86-7f9b-433c-8d80-b60265b05022
2022-10-03 15:39:57,376 INFO wakat.service.ModuleServiceTest [main] module modifiée : dont le libellé est test et la description tesgdt
2022-10-03 15:39:57,406 INFO wakat.service.ModuleService [main] recupper module dont  l'identifiant  est e3fd913a-0dc6-4186-887c-4477fcef3bfc
2022-10-03 15:41:49,866 INFO wakat.service.ModuleServiceTest [main] test consulter  Module(libelle=test, description=tesgdt, projets=null, tempstravail=null)
2022-10-03 15:41:49,883 INFO wakat.service.ModuleService [main] recupper module dont  l'identifiant  est null
2022-10-03 15:42:07,368 INFO wakat.service.ModuleServiceTest [main] module modifiée : dont le libellé est test et la description tesgdt
2022-10-03 15:42:07,398 INFO wakat.service.ModuleService [main] recupper module dont  l'identifiant  est 9344b6f6-3156-45dd-9722-5e6533ebf638
2022-10-03 15:45:02,219 INFO org.springframework.test.context.support.AbstractTestContextBootstrapper [main] Neither @ContextConfiguration nor @ContextHierarchy found for test class [wakat.controller.ModuleControllerTest], using SpringBootContextLoader
2022-10-03 15:45:02,234 INFO org.springframework.test.context.support.AbstractContextLoader [main] Could not detect default resource locations for test class [wakat.controller.ModuleControllerTest]: no resource found for suffixes {-context.xml, Context.groovy}.
2022-10-03 15:45:02,235 INFO org.springframework.test.context.support.AnnotationConfigContextLoaderUtils [main] Could not detect default configuration classes for test class [wakat.controller.ModuleControllerTest]: ModuleControllerTest does not declare any static, non-private, non-final, nested classes annotated with @Configuration.
2022-10-03 15:45:02,523 INFO org.springframework.boot.test.context.SpringBootTestContextBootstrapper [main] Found @SpringBootConfiguration wakat.WakatApplication for test class wakat.controller.ModuleControllerTest
2022-10-03 15:45:02,530 INFO org.springframework.test.context.support.AbstractTestContextBootstrapper [main] Loaded default TestExecutionListener class names from location [META-INF/spring.factories]: [org.springframework.boot.test.mock.mockito.MockitoTestExecutionListener, org.springframework.boot.test.mock.mockito.ResetMocksTestExecutionListener, org.springframework.boot.test.autoconfigure.restdocs.RestDocsTestExecutionListener, org.springframework.boot.test.autoconfigure.web.client.MockRestServiceServerResetTestExecutionListener, org.springframework.boot.test.autoconfigure.web.servlet.MockMvcPrintOnlyOnFailureTestExecutionListener, org.springframework.boot.test.autoconfigure.web.servlet.WebDriverTestExecutionListener, org.springframework.boot.test.autoconfigure.webservices.client.MockWebServiceServerTestExecutionListener, org.springframework.test.context.web.ServletTestExecutionListener, org.springframework.test.context.support.DirtiesContextBeforeModesTestExecutionListener, org.springframework.test.context.event.ApplicationEventsTestExecutionListener, org.springframework.test.context.support.DependencyInjectionTestExecutionListener, org.springframework.test.context.support.DirtiesContextTestExecutionListener, org.springframework.test.context.transaction.TransactionalTestExecutionListener, org.springframework.test.context.jdbc.SqlScriptsTestExecutionListener, org.springframework.test.context.event.EventPublishingTestExecutionListener]
2022-10-03 15:45:02,560 INFO org.springframework.test.context.support.AbstractTestContextBootstrapper [main] Using TestExecutionListeners: [org.springframework.test.context.web.ServletTestExecutionListener@6bb4dd34, org.springframework.test.context.support.DirtiesContextBeforeModesTestExecutionListener@7d9f158f, org.springframework.test.context.event.ApplicationEventsTestExecutionListener@45efd90f, org.springframework.boot.test.mock.mockito.MockitoTestExecutionListener@4b8729ff, org.springframework.boot.test.autoconfigure.SpringBootDependencyInjectionTestExecutionListener@61710c6, org.springframework.test.context.support.DirtiesContextTestExecutionListener@3214ee6, org.springframework.test.context.transaction.TransactionalTestExecutionListener@383dc82c, org.springframework.test.context.jdbc.SqlScriptsTestExecutionListener@4a07d605, org.springframework.test.context.event.EventPublishingTestExecutionListener@74287ea3, org.springframework.boot.test.mock.mockito.ResetMocksTestExecutionListener@7d7758be, org.springframework.boot.test.autoconfigure.restdocs.RestDocsTestExecutionListener@2bdd8394, org.springframework.boot.test.autoconfigure.web.client.MockRestServiceServerResetTestExecutionListener@5f9edf14, org.springframework.boot.test.autoconfigure.web.servlet.MockMvcPrintOnlyOnFailureTestExecutionListener@68746f22, org.springframework.boot.test.autoconfigure.web.servlet.WebDriverTestExecutionListener@2f01783a, org.springframework.boot.test.autoconfigure.webservices.client.MockWebServiceServerTestExecutionListener@68878f6d]
2022-10-03 15:45:03,210 INFO org.springframework.boot.StartupInfoLogger [main] Starting ModuleControllerTest using Java 1.8.0_341 on DESKTOP-I776KEN with PID 6488 (started by user in E:\SM\sources\wakat)
2022-10-03 15:45:03,210 DEBUG org.springframework.boot.StartupInfoLogger [main] Running with Spring Boot v2.7.3, Spring v5.3.22
2022-10-03 15:45:03,216 INFO org.springframework.boot.SpringApplication [main] No active profile set, falling back to 1 default profile: "default"
2022-10-03 15:45:03,217 INFO org.hibernate.validator.internal.util.Version [background-preinit] HV000001: Hibernate Validator 6.2.4.Final
2022-10-03 15:45:06,523 INFO org.springframework.mock.web.MockServletContext [main] Initializing Spring TestDispatcherServlet ''
2022-10-03 15:45:06,524 INFO org.springframework.web.servlet.FrameworkServlet [main] Initializing Servlet ''
2022-10-03 15:45:06,526 INFO org.springframework.web.servlet.FrameworkServlet [main] Completed initialization in 2 ms
2022-10-03 15:45:07,110 INFO org.springframework.boot.StartupInfoLogger [main] Started ModuleControllerTest in 4.478 seconds (JVM running for 6.322)
2022-10-03 15:45:07,639 INFO wakat.controller.ModuleControllerTest [main] module modifiée : dont le libellé est test et la description tesgdt
2022-10-03 15:45:07,643 INFO wakat.controller.ModuleControllerTest [main] Module(libelle=test, description=tesgdt, projets=null, tempstravail=null)
2022-10-03 15:46:44,457 INFO wakat.service.ModuleServiceTest [main] module modifiée : dont le libellé est test et la description tesgdt
2022-10-03 15:46:44,488 INFO wakat.service.ModuleService [main] recupper module dont  l'identifiant  est ae1275e2-676f-45b5-bf45-d3177fb85f4a
2022-10-03 15:49:51,108 INFO wakat.service.ModuleServiceTest [main] module modifiée : dont le libellé est test et la description tesgdt
2022-10-03 15:49:51,145 INFO wakat.service.ModuleService [main] recupper module dont  l'identifiant  est 0369a073-7afc-47f0-a87d-c1cacb8c3233
2022-10-03 15:56:01,132 INFO wakat.service.ModuleServiceTest [main] module modifiée : dont le libellé est test et la description tesgdt
2022-10-03 15:56:01,155 INFO wakat.service.ModuleService [main] recupper module dont  l'identifiant  est b936dd92-fefe-43c9-b6ee-f057a2d8e82f
2022-10-03 15:56:29,359 INFO org.hibernate.validator.internal.util.Version [background-preinit] HV000001: Hibernate Validator 6.2.4.Final
2022-10-03 15:56:29,368 INFO org.springframework.boot.StartupInfoLogger [main] Starting WakatApplication using Java 1.8.0_341 on DESKTOP-I776KEN with PID 11032 (E:\SM\sources\wakat\target\classes started by user in E:\SM\sources\wakat)
2022-10-03 15:56:29,369 DEBUG org.springframework.boot.StartupInfoLogger [main] Running with Spring Boot v2.7.3, Spring v5.3.22
2022-10-03 15:56:29,370 INFO org.springframework.boot.SpringApplication [main] No active profile set, falling back to 1 default profile: "default"
2022-10-03 15:56:30,961 INFO org.springframework.data.repository.config.RepositoryConfigurationDelegate [main] Bootstrapping Spring Data JPA repositories in DEFAULT mode.
2022-10-03 15:56:31,045 INFO org.springframework.data.repository.config.RepositoryConfigurationDelegate [main] Finished Spring Data repository scanning in 69 ms. Found 4 JPA repository interfaces.
2022-10-03 15:56:32,549 INFO org.springframework.boot.web.embedded.tomcat.TomcatWebServer [main] Tomcat initialized with port(s): 8080 (http)
2022-10-03 15:56:32,565 INFO org.apache.juli.logging.DirectJDKLog [main] Initializing ProtocolHandler ["http-nio-8080"]
2022-10-03 15:56:32,566 INFO org.apache.juli.logging.DirectJDKLog [main] Starting service [Tomcat]
2022-10-03 15:56:32,566 INFO org.apache.juli.logging.DirectJDKLog [main] Starting Servlet engine: [Apache Tomcat/9.0.65]
2022-10-03 15:56:32,872 INFO org.apache.juli.logging.DirectJDKLog [main] Initializing Spring embedded WebApplicationContext
2022-10-03 15:56:32,873 INFO org.springframework.boot.web.servlet.context.ServletWebServerApplicationContext [main] Root WebApplicationContext: initialization completed in 3420 ms
2022-10-03 15:56:33,083 INFO org.hibernate.jpa.internal.util.LogHelper [main] HHH000204: Processing PersistenceUnitInfo [name: default]
2022-10-03 15:56:33,201 INFO org.hibernate.Version [main] HHH000412: Hibernate ORM core version 5.6.10.Final
2022-10-03 15:56:33,407 INFO org.hibernate.annotations.common.reflection.java.JavaReflectionManager [main] HCANN000001: Hibernate Commons Annotations {5.1.2.Final}
2022-10-03 15:56:33,552 INFO com.zaxxer.hikari.HikariDataSource [main] HikariPool-1 - Starting...
2022-10-03 18:44:01,764 INFO org.hibernate.validator.internal.util.Version [background-preinit] HV000001: Hibernate Validator 6.2.4.Final
2022-10-03 18:44:01,780 INFO org.springframework.boot.StartupInfoLogger [main] Starting WakatApplication using Java 1.8.0_341 on DESKTOP-I776KEN with PID 1656 (E:\SM\sources\wakat\target\classes started by user in E:\SM\sources\wakat)
2022-10-03 18:44:01,781 DEBUG org.springframework.boot.StartupInfoLogger [main] Running with Spring Boot v2.7.3, Spring v5.3.22
2022-10-03 18:44:01,785 INFO org.springframework.boot.SpringApplication [main] No active profile set, falling back to 1 default profile: "default"
2022-10-03 18:44:03,523 INFO org.springframework.data.repository.config.RepositoryConfigurationDelegate [main] Bootstrapping Spring Data JPA repositories in DEFAULT mode.
2022-10-03 18:44:03,615 INFO org.springframework.data.repository.config.RepositoryConfigurationDelegate [main] Finished Spring Data repository scanning in 76 ms. Found 4 JPA repository interfaces.
2022-10-03 18:44:05,224 INFO org.springframework.boot.web.embedded.tomcat.TomcatWebServer [main] Tomcat initialized with port(s): 8080 (http)
2022-10-03 18:44:05,243 INFO org.apache.juli.logging.DirectJDKLog [main] Initializing ProtocolHandler ["http-nio-8080"]
2022-10-03 18:44:05,243 INFO org.apache.juli.logging.DirectJDKLog [main] Starting service [Tomcat]
2022-10-03 18:44:05,243 INFO org.apache.juli.logging.DirectJDKLog [main] Starting Servlet engine: [Apache Tomcat/9.0.65]
2022-10-03 18:44:06,361 INFO org.apache.juli.logging.DirectJDKLog [main] Initializing Spring embedded WebApplicationContext
2022-10-03 18:44:06,362 INFO org.springframework.boot.web.servlet.context.ServletWebServerApplicationContext [main] Root WebApplicationContext: initialization completed in 4473 ms
2022-10-03 18:44:06,617 INFO org.hibernate.jpa.internal.util.LogHelper [main] HHH000204: Processing PersistenceUnitInfo [name: default]
2022-10-03 18:44:06,719 INFO org.hibernate.Version [main] HHH000412: Hibernate ORM core version 5.6.10.Final
2022-10-03 18:44:07,027 INFO org.hibernate.annotations.common.reflection.java.JavaReflectionManager [main] HCANN000001: Hibernate Commons Annotations {5.1.2.Final}
2022-10-03 18:44:07,216 INFO com.zaxxer.hikari.HikariDataSource [main] HikariPool-1 - Starting...
2022-10-03 18:44:07,408 INFO com.zaxxer.hikari.HikariDataSource [main] HikariPool-1 - Start completed.
2022-10-03 18:44:07,461 INFO org.hibernate.dialect.Dialect [main] HHH000400: Using dialect: org.hibernate.dialect.PostgreSQL10Dialect
2022-10-03 18:44:09,196 INFO org.hibernate.engine.transaction.jta.platform.internal.JtaPlatformInitiator [main] HHH000490: Using JtaPlatform implementation: [org.hibernate.engine.transaction.jta.platform.internal.NoJtaPlatform]
2022-10-03 18:44:09,242 INFO org.springframework.orm.jpa.AbstractEntityManagerFactoryBean [main] Initialized JPA EntityManagerFactory for persistence unit 'default'
2022-10-03 18:44:10,382 WARN org.springframework.boot.autoconfigure.orm.jpa.JpaBaseConfiguration$JpaWebConfiguration [main] spring.jpa.open-in-view is enabled by default. Therefore, database queries may be performed during view rendering. Explicitly configure spring.jpa.open-in-view to disable this warning
2022-10-03 18:44:11,118 INFO org.apache.juli.logging.DirectJDKLog [main] Starting ProtocolHandler ["http-nio-8080"]
2022-10-03 18:44:11,156 INFO org.springframework.boot.web.embedded.tomcat.TomcatWebServer [main] Tomcat started on port(s): 8080 (http) with context path ''
2022-10-03 18:44:11,734 INFO org.springframework.boot.StartupInfoLogger [main] Started WakatApplication in 10.586 seconds (JVM running for 17.291)
2022-10-03 18:45:25,796 INFO org.apache.juli.logging.DirectJDKLog [http-nio-8080-exec-2] Initializing Spring DispatcherServlet 'dispatcherServlet'
2022-10-03 18:45:25,796 INFO org.springframework.web.servlet.FrameworkServlet [http-nio-8080-exec-2] Initializing Servlet 'dispatcherServlet'
2022-10-03 18:45:25,797 INFO org.springframework.web.servlet.FrameworkServlet [http-nio-8080-exec-2] Completed initialization in 1 ms
2022-10-03 18:45:25,930 INFO wakat.service.ModuleService [http-nio-8080-exec-2] recupper module dont  l'identifiant  est fba64b1d-a95c-47c3-afec-bec6bcf9c2d0
2022-10-03 18:45:36,553 INFO wakat.service.ModuleService [http-nio-8080-exec-3] recupper module dont  l'identifiant  est fba64b1d-a95c-47c3-afec-bec6bcf9c2d0
2022-10-03 18:57:08,805 INFO wakat.service.UtilisateurService [main] Utilisateur(matricule=Bzrt6547890, nom=sanou, prenom=oumar, telephone=7276534490, email=oumar.sanou@gmail.com, login=oumar123, motDePasse=Mous67@sanou!-, projets=[], tempstravail=[], roles=[], statutEnum=ACTIF)
2022-10-03 19:08:24,537 INFO wakat.service.ModuleService [main] recupper module dont  l'identifiant  est c4dfb967-d0dd-43f0-a18c-4a56d7e4c0ae
2022-10-03 19:19:29,436 INFO wakat.service.ModuleService [main] recupper module dont  l'identifiant  est 84d39a61-b438-45fd-ad96-848fdc56439b
